<html>
<body>
<pre>
<h1>µVision Build Log</h1>
<h2>Tool Versions:</h2>
IDE-Version: µVision V5.25.2.0
Copyright (C) 2018 ARM Ltd and ARM Germany GmbH. All rights reserved.
License Information: Diogo Nogueira, UTFPR, LIC=----
 
Tool Versions:
Toolchain:       MDK-Lite  Version: 5.25.2.0
Toolchain Path:  C:\Program Files (x86)\GNU Tools Arm Embedded\7 2018-q2-update\bin
C Compiler:      GCC.exe
Assembler:       AS.exe
Linker/Locator:  LD.exe
Library Manager: AR.exe
Hex Converter:   OBJCOPY.exe
CPU DLL:         SARMCM3.DLL V5.25.2.0
Dialog DLL:      DCM.DLL V1.17.1.0
Target DLL:      lmidk-agdi.dll V???
Dialog DLL:      TCM.DLL V1.35.1.0
 
<h2>Project:</h2>
D:\UTFPR\SISTEMAS OPERACIONAIS\SO-threads\NOVO.uvprojx
Project File Date:  09/09/2018

<h2>Output:</h2>
Rebuild target 'Target 1'
compiling startup_gcc.c...
compiling hello.c...
c:\program files (x86)\gnu tools arm embedded\7 2018-q2-update\lib\gcc\arm-none-eabi\7.3.1\include\stddef.h: In function 'getCurrentThread':
Error: c:\program files (x86)\gnu tools arm embedded\7 2018-q2-update\lib\gcc\arm-none-eabi\7.3.1\include\stddef.h:216:23: error: storage class specified for parameter 'size_t'
Error: c:\program files (x86)\gnu tools arm embedded\7 2018-q2-update\lib\gcc\arm-none-eabi\7.3.1\include\stddef.h:149:26: error: storage class specified for parameter 'ptrdiff_t'
Error: c:\program files (x86)\gnu tools arm embedded\7 2018-q2-update\lib\gcc\arm-none-eabi\7.3.1\include\stddef.h:328:24: error: storage class specified for parameter 'wchar_t'
Error: c:\program files (x86)\gnu tools arm embedded\7 2018-q2-update\lib\gcc\arm-none-eabi\7.3.1\include\stddef.h:437:3: error: storage class specified for parameter 'max_align_t'
Error: c:\program files (x86)\gnu tools arm embedded\7 2018-q2-update\arm-none-eabi\include\sys\lock.h:34:25: error: storage class specified for parameter '_LOCK_T'
Error: c:\program files (x86)\gnu tools arm embedded\7 2018-q2-update\arm-none-eabi\include\sys\lock.h:41:34: error: expected declaration specifiers or '...' before '_LOCK_T'
Error: c:\program files (x86)\gnu tools arm embedded\7 2018-q2-update\arm-none-eabi\include\sys\lock.h:43:44: error: expected declaration specifiers or '...' before '_LOCK_T'
Error: c:\program files (x86)\gnu tools arm embedded\7 2018-q2-update\arm-none-eabi\include\sys\lock.h:45:35: error: expected declaration specifiers or '...' before '_LOCK_T'
Error: c:\program files (x86)\gnu tools arm embedded\7 2018-q2-update\arm-none-eabi\include\sys\lock.h:47:45: error: expected declaration specifiers or '...' before '_LOCK_T'
Error: c:\program files (x86)\gnu tools arm embedded\7 2018-q2-update\arm-none-eabi\include\sys\lock.h:49:37: error: expected declaration specifiers or '...' before '_LOCK_T'
Error: c:\program files (x86)\gnu tools arm embedded\7 2018-q2-update\arm-none-eabi\include\sys\lock.h:51:47: error: expected declaration specifiers or '...' before '_LOCK_T'
Error: c:\program files (x86)\gnu tools arm embedded\7 2018-q2-update\arm-none-eabi\include\sys\lock.h:53:40: error: expected declaration specifiers or '...' before '_LOCK_T'
Error: c:\program files (x86)\gnu tools arm embedded\7 2018-q2-update\arm-none-eabi\include\sys\lock.h:55:50: error: expected declaration specifiers or '...' before '_LOCK_T'
Error: c:\program files (x86)\gnu tools arm embedded\7 2018-q2-update\arm-none-eabi\include\sys\lock.h:58:37: error: expected declaration specifiers or '...' before '_LOCK_T'
Error: c:\program files (x86)\gnu tools arm embedded\7 2018-q2-update\arm-none-eabi\include\sys\lock.h:60:47: error: expected declaration specifiers or '...' before '_LOCK_T'
Error: c:\program files (x86)\gnu tools arm embedded\7 2018-q2-update\arm-none-eabi\include\sys\_types.h:28:14: error: storage class specified for parameter '__blkcnt_t'
Error: c:\program files (x86)\gnu tools arm embedded\7 2018-q2-update\arm-none-eabi\include\sys\_types.h:32:14: error: storage class specified for parameter '__blksize_t'
Error: c:\program files (x86)\gnu tools arm embedded\7 2018-q2-update\arm-none-eabi\include\sys\_types.h:36:20: error: storage class specified for parameter '__fsblkcnt_t'
Error: c:\program files (x86)\gnu tools arm embedded\7 2018-q2-update\arm-none-eabi\include\sys\_types.h:40:20: error: storage class specified for parameter '__fsfilcnt_t'
Error: c:\program files (x86)\gnu tools arm embedded\7 2018-q2-update\arm-none-eabi\include\sys\_types.h:44:14: error: storage class specified for parameter '_off_t'
Error: c:\program files (x86)\gnu tools arm embedded\7 2018-q2-update\arm-none-eabi\include\sys\_types.h:50:13: error: storage class specified for parameter '__pid_t'
Error: c:\program files (x86)\gnu tools arm embedded\7 2018-q2-update\arm-none-eabi\include\sys\_types.h:54:15: error: storage class specified for parameter '__dev_t'
Error: c:\program files (x86)\gnu tools arm embedded\7 2018-q2-update\arm-none-eabi\include\sys\_types.h:58:24: error: storage class specified for parameter '__uid_t'
Error: c:\program files (x86)\gnu tools arm embedded\7 2018-q2-update\arm-none-eabi\include\sys\_types.h:61:24: error: storage class specified for parameter '__gid_t'
Error: c:\program files (x86)\gnu tools arm embedded\7 2018-q2-update\arm-none-eabi\include\sys\_types.h:65:20: error: storage class specified for parameter '__id_t'
Error: c:\program files (x86)\gnu tools arm embedded\7 2018-q2-update\arm-none-eabi\include\sys\_types.h:73:24: error: storage class specified for parameter '__ino_t'
Error: c:\program files (x86)\gnu tools arm embedded\7 2018-q2-update\arm-none-eabi\include\sys\_types.h:88:20: error: storage class specified for parameter '__mode_t'
Error: c:\program files (x86)\gnu tools arm embedded\7 2018-q2-update\arm-none-eabi\include\sys\_types.h:94:1: error: expected declaration specifiers before '__extension__'
Error: c:\program files (x86)\gnu tools arm embedded\7 2018-q2-update\arm-none-eabi\include\sys\_types.h:100:16: error: expected '=', ',', ';', 'asm' or '__attribute__' before '__off_t'
Error: c:\program files (x86)\gnu tools arm embedded\7 2018-q2-update\arm-none-eabi\include\sys\_types.h:103:9: error: unknown type name '_off64_t'
Error: c:\program files (x86)\gnu tools arm embedded\7 2018-q2-update\arm-none-eabi\include\sys\_types.h:103:18: error: storage class specified for parameter '__loff_t'
Error: c:\program files (x86)\gnu tools arm embedded\7 2018-q2-update\arm-none-eabi\include\sys\_types.h:106:14: error: storage class specified for parameter '__key_t'
Error: c:\program files (x86)\gnu tools arm embedded\7 2018-q2-update\arm-none-eabi\include\sys\_types.h:114:14: error: storage class specified for parameter '_fpos_t'
Error: c:\program files (x86)\gnu tools arm embedded\7 2018-q2-update\arm-none-eabi\include\sys\_types.h:129:23: error: storage class specified for parameter '__size_t'
Error: c:\program files (x86)\gnu tools arm embedded\7 2018-q2-update\arm-none-eabi\include\sys\_types.h:145:23: error: storage class specified for parameter '_ssize_t'
Error: c:\program files (x86)\gnu tools arm embedded\7 2018-q2-update\arm-none-eabi\include\sys\_types.h:156:18: error: expected '=', ',', ';', 'asm' or '__attribute__' before '__ssize_t'
Error: c:\program files (x86)\gnu tools arm embedded\7 2018-q2-update\lib\gcc\arm-none-eabi\7.3.1\include\stddef.h:357:23: error: storage class specified for parameter 'wint_t'
Error: c:\program files (x86)\gnu tools arm embedded\7 2018-q2-update\arm-none-eabi\include\sys\_types.h:168:5: error: expected specifier-qualifier-list before 'wint_t'
Error: c:\program files (x86)\gnu tools arm embedded\7 2018-q2-update\arm-none-eabi\include\sys\_types.h:171:3: error: storage class specified for parameter '_mbstate_t'
Error: c:\program files (x86)\gnu tools arm embedded\7 2018-q2-update\arm-none-eabi\include\sys\_types.h:175:27: error: expected '=', ',', ';', 'asm' or '__attribute__' before '_flock_t'
Error: c:\program files (x86)\gnu tools arm embedded\7 2018-q2-update\arm-none-eabi\include\sys\_types.h:180:15: error: storage class specified for parameter '_iconv_t'
Error: c:\program files (x86)\gnu tools arm embedded\7 2018-q2-update\arm-none-eabi\include\sys\_types.h:187:19: error: storage class specified for parameter '__clock_t'
Error: c:\program files (x86)\gnu tools arm embedded\7 2018-q2-update\arm-none-eabi\include\sys\_types.h:194:18: error: storage class specified for parameter '__time_t'
Error: c:\program files (x86)\gnu tools arm embedded\7 2018-q2-update\arm-none-eabi\include\sys\_types.h:200:21: error: storage class specified for parameter '__clockid_t'
Error: c:\program files (x86)\gnu tools arm embedded\7 2018-q2-update\arm-none-eabi\include\sys\_types.h:203:19: error: storage class specified for parameter '__timer_t'
Error: c:\program files (x86)\gnu tools arm embedded\7 2018-q2-update\arm-none-eabi\include\sys\_types.h:206:19: error: storage class specified for parameter '__sa_family_t'
Error: c:\program files (x86)\gnu tools arm embedded\7 2018-q2-update\arm-none-eabi\include\sys\_types.h:210:20: error: storage class specified for parameter '__socklen_t'
Error: c:\program files (x86)\gnu tools arm embedded\7 2018-q2-update\arm-none-eabi\include\sys\_types.h:213:24: error: storage class specified for parameter '__nlink_t'
Error: c:\program files (x86)\gnu tools arm embedded\7 2018-q2-update\arm-none-eabi\include\sys\_types.h:214:15: error: storage class specified for parameter '__suseconds_t'
Error: c:\program files (x86)\gnu tools arm embedded\7 2018-q2-update\arm-none-eabi\include\sys\_types.h:215:23: error: storage class specified for parameter '__useconds_t'
Error: c:\program files (x86)\gnu tools arm embedded\7 2018-q2-update\arm-none-eabi\include\sys\_types.h:218:27: error: storage class specified for parameter '__va_list'
Error: c:\program files (x86)\gnu tools arm embedded\7 2018-q2-update\arm-none-eabi\include\sys\reent.h:22:25: error: storage class specified for parameter '__ULong'
Error: c:\program files (x86)\gnu tools arm embedded\7 2018-q2-update\arm-none-eabi\include\sys\reent.h:51:3: error: expected specifier-qualifier-list before '__ULong'
Error: c:\program files (x86)\gnu tools arm embedded\7 2018-q2-update\arm-none-eabi\include\sys\reent.h:78:2: error: expected specifier-qualifier-list before '__ULong'
Error: c:\program files (x86)\gnu tools arm embedded\7 2018-q2-update\arm-none-eabi\include\sys\reent.h:202:3: error: expected specifier-qualifier-list before '_fpos_t'
Error: c:\program files (x86)\gnu tools arm embedded\7 2018-q2-update\arm-none-eabi\include\sys\reent.h:287:26: error: storage class specified for parameter '__FILE'
Error: c:\program files (x86)\gnu tools arm embedded\7 2018-q2-update\arm-none-eabi\include\sys\reent.h:295:3: error: expected specifier-qualifier-list before '__FILE'
Error: c:\program files (x86)\gnu tools arm embedded\7 2018-q2-update\arm-none-eabi\include\sys\reent.h:615:3: error: expected specifier-qualifier-list before '__FILE'
Error: c:\program files (x86)\gnu tools arm embedded\7 2018-q2-update\arm-none-eabi\include\sys\reent.h:814:23: error: storage class specified for parameter '_impure_ptr'
Error: c:\program files (x86)\gnu tools arm embedded\7 2018-q2-update\arm-none-eabi\include\sys\reent.h:815:29: error: storage class specified for parameter '_global_impure_ptr'
Error: c:\program files (x86)\gnu tools arm embedded\7 2018-q2-update\arm-none-eabi\include\sys\types.h:28:19: error: storage class specified for parameter 'u_int8_t'
Error: c:\program files (x86)\gnu tools arm embedded\7 2018-q2-update\arm-none-eabi\include\sys\types.h:31:20: error: storage class specified for parameter 'u_int16_t'
Error: c:\program files (x86)\gnu tools arm embedded\7 2018-q2-update\arm-none-eabi\include\sys\types.h:34:20: error: storage class specified for parameter 'u_int32_t'
Error: c:\program files (x86)\gnu tools arm embedded\7 2018-q2-update\arm-none-eabi\include\sys\types.h:37:20: error: storage class specified for parameter 'u_int64_t'
Error: c:\program files (x86)\gnu tools arm embedded\7 2018-q2-update\arm-none-eabi\include\sys\types.h:39:13: error: storage class specified for parameter 'register_t'
Error: c:\program files (x86)\gnu tools arm embedded\7 2018-q2-update\arm-none-eabi\include\sys\_sigset.h:41:23: error: storage class specified for parameter '__sigset_t'
Error: c:\program files (x86)\gnu tools arm embedded\7 2018-q2-update\arm-none-eabi\include\sys\_timeval.h:35:23: error: expected '=', ',', ';', 'asm' or '__attribute__' before 'suseconds_t'
Error: c:\program files (x86)\gnu tools arm embedded\7 2018-q2-update\arm-none-eabi\include\sys\_timeval.h:40:18: error: storage class specified for parameter 'time_t'
Error: c:\program files (x86)\gnu tools arm embedded\7 2018-q2-update\arm-none-eabi\include\sys\_timeval.h:53:2: error: expected specifier-qualifier-list before 'time_t'
Error: c:\program files (x86)\gnu tools arm embedded\7 2018-q2-update\arm-none-eabi\include\sys\_timespec.h:46:2: error: expected specifier-qualifier-list before 'time_t'
Error: c:\program files (x86)\gnu tools arm embedded\7 2018-q2-update\arm-none-eabi\include\sys\select.h:20:20: error: expected '=', ',', ';', 'asm' or '__attribute__' before 'sigset_t'
Error: c:\program files (x86)\gnu tools arm embedded\7 2018-q2-update\arm-none-eabi\include\sys\select.h:34:23: error: storage class specified for parameter 'fd_mask'
Error: c:\program files (x86)\gnu tools arm embedded\7 2018-q2-update\arm-none-eabi\include\sys\select.h:43:2: error: expected specifier-qualifier-list before 'fd_mask'
Error: c:\program files (x86)\gnu tools arm embedded\7 2018-q2-update\arm-none-eabi\include\sys\select.h:44:3: error: storage class specified for parameter '_types_fd_set'
Error: c:\program files (x86)\gnu tools arm embedded\7 2018-q2-update\arm-none-eabi\include\sys\select.h:62:27: error: expected declaration specifiers or '...' before '_types_fd_set'
Error: c:\program files (x86)\gnu tools arm embedded\7 2018-q2-update\arm-none-eabi\include\sys\select.h:62:46: error: expected declaration specifiers or '...' before '_types_fd_set'
Error: c:\program files (x86)\gnu tools arm embedded\7 2018-q2-update\arm-none-eabi\include\sys\select.h:63:4: error: expected declaration specifiers or '...' before '_types_fd_set'
Error: c:\program files (x86)\gnu tools arm embedded\7 2018-q2-update\arm-none-eabi\include\sys\select.h:65:28: error: expected declaration specifiers or '...' before '_types_fd_set'
Error: c:\program files (x86)\gnu tools arm embedded\7 2018-q2-update\arm-none-eabi\include\sys\select.h:65:47: error: expected declaration specifiers or '...' before '_types_fd_set'
Error: c:\program files (x86)\gnu tools arm embedded\7 2018-q2-update\arm-none-eabi\include\sys\select.h:66:5: error: expected declaration specifiers or '...' before '_types_fd_set'
Error: c:\program files (x86)\gnu tools arm embedded\7 2018-q2-update\arm-none-eabi\include\sys\select.h:65:13: error: unknown type name 'sigset_t'
Error: c:\program files (x86)\gnu tools arm embedded\7 2018-q2-update\arm-none-eabi\include\sys\types.h:73:20: error: storage class specified for parameter 'in_addr_t'
Error: c:\program files (x86)\gnu tools arm embedded\7 2018-q2-update\arm-none-eabi\include\sys\types.h:78:20: error: storage class specified for parameter 'in_port_t'
Error: c:\program files (x86)\gnu tools arm embedded\7 2018-q2-update\arm-none-eabi\include\sys\types.h:87:23: error: storage class specified for parameter 'u_char'
Error: c:\program files (x86)\gnu tools arm embedded\7 2018-q2-update\arm-none-eabi\include\sys\types.h:91:24: error: storage class specified for parameter 'u_short'
Error: c:\program files (x86)\gnu tools arm embedded\7 2018-q2-update\arm-none-eabi\include\sys\types.h:95:22: error: storage class specified for parameter 'u_int'
Error: c:\program files (x86)\gnu tools arm embedded\7 2018-q2-update\arm-none-eabi\include\sys\types.h:99:23: error: storage class specified for parameter 'u_long'
Error: c:\program files (x86)\gnu tools arm embedded\7 2018-q2-update\arm-none-eabi\include\sys\types.h:107:24: error: storage class specified for parameter 'ushort'
Error: c:\program files (x86)\gnu tools arm embedded\7 2018-q2-update\arm-none-eabi\include\sys\types.h:108:22: error: storage class specified for parameter 'uint'
Error: c:\program files (x86)\gnu tools arm embedded\7 2018-q2-update\arm-none-eabi\include\sys\types.h:109:23: error: storage class specified for parameter 'ulong'
Error: c:\program files (x86)\gnu tools arm embedded\7 2018-q2-update\arm-none-eabi\include\sys\types.h:113:20: error: expected '=', ',', ';', 'asm' or '__attribute__' before 'blkcnt_t'
Error: c:\program files (x86)\gnu tools arm embedded\7 2018-q2-update\arm-none-eabi\include\sys\types.h:118:21: error: expected '=', ',', ';', 'asm' or '__attribute__' before 'blksize_t'
Error: c:\program files (x86)\gnu tools arm embedded\7 2018-q2-update\arm-none-eabi\include\sys\types.h:123:19: error: storage class specified for parameter 'clock_t'
Error: c:\program files (x86)\gnu tools arm embedded\7 2018-q2-update\arm-none-eabi\include\sys\types.h:135:14: error: storage class specified for parameter 'daddr_t'
Error: c:\program files (x86)\gnu tools arm embedded\7 2018-q2-update\arm-none-eabi\include\sys\types.h:139:16: error: storage class specified for parameter 'caddr_t'
Error: c:\program files (x86)\gnu tools arm embedded\7 2018-q2-update\arm-none-eabi\include\sys\types.h:144:22: error: expected '=', ',', ';', 'asm' or '__attribute__' before 'fsblkcnt_t'
Error: c:\program files (x86)\gnu tools arm embedded\7 2018-q2-update\arm-none-eabi\include\sys\types.h:145:22: error: expected '=', ',', ';', 'asm' or '__attribute__' before 'fsfilcnt_t'
Error: c:\program files (x86)\gnu tools arm embedded\7 2018-q2-update\arm-none-eabi\include\sys\types.h:150:17: error: expected '=', ',', ';', 'asm' or '__attribute__' before 'id_t'
Error: c:\program files (x86)\gnu tools arm embedded\7 2018-q2-update\arm-none-eabi\include\sys\types.h:155:18: error: expected '=', ',', ';', 'asm' or '__attribute__' before 'ino_t'
Error: c:\program files (x86)\gnu tools arm embedded\7 2018-q2-update\arm-none-eabi\include\sys\types.h:173:9: error: unknown type name '__off_t'
Error: c:\program files (x86)\gnu tools arm embedded\7 2018-q2-update\arm-none-eabi\include\sys\types.h:173:18: error: storage class specified for parameter 'off_t'
Error: c:\program files (x86)\gnu tools arm embedded\7 2018-q2-update\arm-none-eabi\include\sys\types.h:177:18: error: expected '=', ',', ';', 'asm' or '__attribute__' before 'dev_t'
Error: c:\program files (x86)\gnu tools arm embedded\7 2018-q2-update\arm-none-eabi\include\sys\types.h:181:18: error: expected '=', ',', ';', 'asm' or '__attribute__' before 'uid_t'
Error: c:\program files (x86)\gnu tools arm embedded\7 2018-q2-update\arm-none-eabi\include\sys\types.h:185:18: error: expected '=', ',', ';', 'asm' or '__attribute__' before 'gid_t'
Error: c:\program files (x86)\gnu tools arm embedded\7 2018-q2-update\arm-none-eabi\include\sys\types.h:190:18: error: expected '=', ',', ';', 'asm' or '__attribute__' before 'pid_t'
Error: c:\program files (x86)\gnu tools arm embedded\7 2018-q2-update\arm-none-eabi\include\sys\types.h:195:18: error: expected '=', ',', ';', 'asm' or '__attribute__' before 'key_t'
Error: c:\program files (x86)\gnu tools arm embedded\7 2018-q2-update\arm-none-eabi\include\sys\types.h:200:18: error: expected '=', ',', ';', 'asm' or '__attribute__' before 'ssize_t'
Error: c:\program files (x86)\gnu tools arm embedded\7 2018-q2-update\arm-none-eabi\include\sys\types.h:205:18: error: expected '=', ',', ';', 'asm' or '__attribute__' before 'mode_t'
Error: c:\program files (x86)\gnu tools arm embedded\7 2018-q2-update\arm-none-eabi\include\sys\types.h:210:19: error: expected '=', ',', ';', 'asm' or '__attribute__' before 'nlink_t'
Error: c:\program files (x86)\gnu tools arm embedded\7 2018-q2-update\arm-none-eabi\include\sys\types.h:215:21: error: expected '=', ',', ';', 'asm' or '__attribute__' before 'clockid_t'
Error: c:\program files (x86)\gnu tools arm embedded\7 2018-q2-update\arm-none-eabi\include\sys\types.h:221:19: error: expected '=', ',', ';', 'asm' or '__attribute__' before 'timer_t'
Error: c:\program files (x86)\gnu tools arm embedded\7 2018-q2-update\arm-none-eabi\include\sys\types.h:227:22: error: expected '=', ',', ';', 'asm' or '__attribute__' before 'useconds_t'
Error: c:\program files (x86)\gnu tools arm embedded\7 2018-q2-update\arm-none-eabi\include\sys\types.h:236:19: error: storage class specified for parameter 'sbintime_t'
Error: c:\program files (x86)\gnu tools arm embedded\7 2018-q2-update\arm-none-eabi\include\sys\_pthreadtypes.h:32:20: error: storage class specified for parameter 'pthread_t'
Error: c:\program files (x86)\gnu tools arm embedded\7 2018-q2-update\arm-none-eabi\include\sys\_pthreadtypes.h:75:3: error: storage class specified for parameter 'pthread_attr_t'
Error: c:\program files (x86)\gnu tools arm embedded\7 2018-q2-update\arm-none-eabi\include\sys\_pthreadtypes.h:154:20: error: storage class specified for parameter 'pthread_mutex_t'
Error: c:\program files (x86)\gnu tools arm embedded\7 2018-q2-update\arm-none-eabi\include\sys\_pthreadtypes.h:169:3: error: storage class specified for parameter 'pthread_mutexattr_t'
Error: c:\program files (x86)\gnu tools arm embedded\7 2018-q2-update\arm-none-eabi\include\sys\_pthreadtypes.h:176:20: error: storage class specified for parameter 'pthread_cond_t'
Error: c:\program files (x86)\gnu tools arm embedded\7 2018-q2-update\arm-none-eabi\include\sys\_pthreadtypes.h:182:3: error: expected specifier-qualifier-list before 'clock_t'
Error: c:\program files (x86)\gnu tools arm embedded\7 2018-q2-update\arm-none-eabi\include\sys\_pthreadtypes.h:186:3: error: storage class specified for parameter 'pthread_condattr_t'
Error: c:\program files (x86)\gnu tools arm embedded\7 2018-q2-update\arm-none-eabi\include\sys\_pthreadtypes.h:190:20: error: storage class specified for parameter 'pthread_key_t'
Error: c:\program files (x86)\gnu tools arm embedded\7 2018-q2-update\arm-none-eabi\include\sys\_pthreadtypes.h:195:3: error: storage class specified for parameter 'pthread_once_t'
Error: c:\program files (x86)\gnu tools arm embedded\7 2018-q2-update\arm-none-eabi\include\stdio.h:66:16: error: expected '=', ',', ';', 'asm' or '__attribute__' before 'FILE'
Error: c:\program files (x86)\gnu tools arm embedded\7 2018-q2-update\arm-none-eabi\include\stdio.h:73:17: error: expected '=', ',', ';', 'asm' or '__attribute__' before 'fpos_t'
Error: c:\program files (x86)\gnu tools arm embedded\7 2018-q2-update\arm-none-eabi\include\stdio.h:186:1: error: unknown type name 'FILE'
Error: c:\program files (x86)\gnu tools arm embedded\7 2018-q2-update\arm-none-eabi\include\stdio.h:191:13: error: unknown type name 'FILE'
Error: c:\program files (x86)\gnu tools arm embedded\7 2018-q2-update\arm-none-eabi\include\stdio.h:192:13: error: unknown type name 'FILE'
Error: c:\program files (x86)\gnu tools arm embedded\7 2018-q2-update\arm-none-eabi\include\stdio.h:193:1: error: unknown type name 'FILE'
Error: c:\program files (x86)\gnu tools arm embedded\7 2018-q2-update\arm-none-eabi\include\stdio.h:193:65: error: unknown type name 'FILE'
Error: c:\program files (x86)\gnu tools arm embedded\7 2018-q2-update\arm-none-eabi\include\stdio.h:194:14: error: unknown type name 'FILE'
Error: c:\program files (x86)\gnu tools arm embedded\7 2018-q2-update\arm-none-eabi\include\stdio.h:195:14: error: unknown type name 'FILE'
Error: c:\program files (x86)\gnu tools arm embedded\7 2018-q2-update\arm-none-eabi\include\stdio.h:195:55: error: expected declaration specifiers or '...' before 'size_t'
Error: c:\program files (x86)\gnu tools arm embedded\7 2018-q2-update\arm-none-eabi\include\stdio.h:196:14: error: unknown type name 'FILE'
Error: c:\program files (x86)\gnu tools arm embedded\7 2018-q2-update\arm-none-eabi\include\stdio.h:198:13: error: unknown type name 'FILE'
Error: c:\program files (x86)\gnu tools arm embedded\7 2018-q2-update\arm-none-eabi\include\stdio.h:206:15: error: unknown type name 'FILE'
Error: c:\program files (x86)\gnu tools arm embedded\7 2018-q2-update\arm-none-eabi\include\stdio.h:212:12: error: unknown type name 'FILE'
Error: c:\program files (x86)\gnu tools arm embedded\7 2018-q2-update\arm-none-eabi\include\stdio.h:213:39: error: unknown type name 'FILE'
Error: c:\program files (x86)\gnu tools arm embedded\7 2018-q2-update\arm-none-eabi\include\stdio.h:214:17: error: unknown type name 'FILE'
Error: c:\program files (x86)\gnu tools arm embedded\7 2018-q2-update\arm-none-eabi\include\stdio.h:215:36: error: unknown type name 'FILE'
Error: c:\program files (x86)\gnu tools arm embedded\7 2018-q2-update\arm-none-eabi\include\stdio.h:216:11: error: unknown type name 'FILE'
Error: c:\program files (x86)\gnu tools arm embedded\7 2018-q2-update\arm-none-eabi\include\stdio.h:219:16: error: unknown type name 'FILE'
Error: c:\program files (x86)\gnu tools arm embedded\7 2018-q2-update\arm-none-eabi\include\stdio.h:222:18: error: unknown type name 'FILE'
Error: c:\program files (x86)\gnu tools arm embedded\7 2018-q2-update\arm-none-eabi\include\stdio.h:223:1: error: expected declaration specifiers before 'size_t'
Error: c:\program files (x86)\gnu tools arm embedded\7 2018-q2-update\arm-none-eabi\include\stdio.h:224:1: error: expected declaration specifiers before 'size_t'
Error: c:\program files (x86)\gnu tools arm embedded\7 2018-q2-update\arm-none-eabi\include\stdio.h:228:14: error: unknown type name 'FILE'
Error: c:\program files (x86)\gnu tools arm embedded\7 2018-q2-update\arm-none-eabi\include\stdio.h:228:32: error: unknown type name 'fpos_t'; did you mean 'float'?
Error: c:\program files (x86)\gnu tools arm embedded\7 2018-q2-update\arm-none-eabi\include\stdio.h:230:12: error: unknown type name 'FILE'
Error: c:\program files (x86)\gnu tools arm embedded\7 2018-q2-update\arm-none-eabi\include\stdio.h:234:14: error: unknown type name 'FILE'
Error: c:\program files (x86)\gnu tools arm embedded\7 2018-q2-update\arm-none-eabi\include\stdio.h:234:28: error: unknown type name 'fpos_t'
Error: c:\program files (x86)\gnu tools arm embedded\7 2018-q2-update\arm-none-eabi\include\stdio.h:236:14: error: unknown type name 'FILE'
Error: c:\program files (x86)\gnu tools arm embedded\7 2018-q2-update\arm-none-eabi\include\stdio.h:237:14: error: unknown type name 'FILE'
Error: c:\program files (x86)\gnu tools arm embedded\7 2018-q2-update\arm-none-eabi\include\stdio.h:238:16: error: unknown type name 'FILE'
Error: c:\program files (x86)\gnu tools arm embedded\7 2018-q2-update\arm-none-eabi\include\stdio.h:239:11: error: unknown type name 'FILE'
Error: c:\program files (x86)\gnu tools arm embedded\7 2018-q2-update\arm-none-eabi\include\stdio.h:240:13: error: unknown type name 'FILE'
Error: c:\program files (x86)\gnu tools arm embedded\7 2018-q2-update\arm-none-eabi\include\stdio.h:243:1: error: unknown type name 'FILE'
Error: c:\program files (x86)\gnu tools arm embedded\7 2018-q2-update\arm-none-eabi\include\stdio.h:257:13: error: unknown type name 'FILE'
Error: c:\program files (x86)\gnu tools arm embedded\7 2018-q2-update\arm-none-eabi\include\stdio.h:257:21: error: expected declaration specifiers or '...' before 'off_t'
Error: c:\program files (x86)\gnu tools arm embedded\7 2018-q2-update\arm-none-eabi\include\stdio.h:258:1: error: expected declaration specifiers before 'off_t'
Error: c:\program files (x86)\gnu tools arm embedded\7 2018-q2-update\arm-none-eabi\include\stdio.h:266:33: error: expected declaration specifiers or '...' before 'size_t'
Error: c:\program files (x86)\gnu tools arm embedded\7 2018-q2-update\arm-none-eabi\include\stdio.h:268:34: error: expected declaration specifiers or '...' before 'size_t'
Error: c:\program files (x86)\gnu tools arm embedded\7 2018-q2-update\arm-none-eabi\include\stdio.h:270:14: error: unknown type name 'FILE'
Error: c:\program files (x86)\gnu tools arm embedded\7 2018-q2-update\arm-none-eabi\include\stdio.h:286:28: error: expected declaration specifiers or '...' before 'size_t'
Error: c:\program files (x86)\gnu tools arm embedded\7 2018-q2-update\arm-none-eabi\include\stdio.h:288:37: error: expected declaration specifiers or '...' before 'size_t'
Error: c:\program files (x86)\gnu tools arm embedded\7 2018-q2-update\arm-none-eabi\include\stdio.h:294:15: error: unknown type name 'FILE'
Error: c:\program files (x86)\gnu tools arm embedded\7 2018-q2-update\arm-none-eabi\include\stdio.h:296:14: error: unknown type name 'FILE'
Error: c:\program files (x86)\gnu tools arm embedded\7 2018-q2-update\arm-none-eabi\include\stdio.h:306:24: error: expected declaration specifiers or '...' before 'size_t'
Error: c:\program files (x86)\gnu tools arm embedded\7 2018-q2-update\arm-none-eabi\include\stdio.h:310:29: error: expected declaration specifiers or '...' before 'size_t'
Error: c:\program files (x86)\gnu tools arm embedded\7 2018-q2-update\arm-none-eabi\include\stdio.h:312:28: error: expected declaration specifiers or '...' before 'size_t'
Error: c:\program files (x86)\gnu tools arm embedded\7 2018-q2-update\arm-none-eabi\include\stdio.h:316:16: error: unknown type name 'FILE'
Error: c:\program files (x86)\gnu tools arm embedded\7 2018-q2-update\arm-none-eabi\include\stdio.h:318:15: error: unknown type name 'FILE'
Error: c:\program files (x86)\gnu tools arm embedded\7 2018-q2-update\arm-none-eabi\include\stdio.h:328:25: error: expected declaration specifiers or '...' before 'size_t'
Error: c:\program files (x86)\gnu tools arm embedded\7 2018-q2-update\arm-none-eabi\include\stdio.h:339:1: error: unknown type name 'FILE'
Error: c:\program files (x86)\gnu tools arm embedded\7 2018-q2-update\arm-none-eabi\include\stdio.h:341:13: error: unknown type name 'FILE'
Error: c:\program files (x86)\gnu tools arm embedded\7 2018-q2-update\arm-none-eabi\include\stdio.h:344:13: error: unknown type name 'FILE'
Error: c:\program files (x86)\gnu tools arm embedded\7 2018-q2-update\arm-none-eabi\include\stdio.h:345:1: error: unknown type name 'FILE'
Error: c:\program files (x86)\gnu tools arm embedded\7 2018-q2-update\arm-none-eabi\include\stdio.h:349:20: error: unknown type name 'FILE'
Error: c:\program files (x86)\gnu tools arm embedded\7 2018-q2-update\arm-none-eabi\include\stdio.h:350:17: error: unknown type name 'FILE'
Error: c:\program files (x86)\gnu tools arm embedded\7 2018-q2-update\arm-none-eabi\include\stdio.h:354:11: error: unknown type name 'FILE'
Error: c:\program files (x86)\gnu tools arm embedded\7 2018-q2-update\arm-none-eabi\include\stdio.h:355:16: error: unknown type name 'FILE'
Error: c:\program files (x86)\gnu tools arm embedded\7 2018-q2-update\arm-none-eabi\include\stdio.h:358:20: error: unknown type name 'FILE'
Error: c:\program files (x86)\gnu tools arm embedded\7 2018-q2-update\arm-none-eabi\include\stdio.h:360:17: error: unknown type name 'FILE'
Error: c:\program files (x86)\gnu tools arm embedded\7 2018-q2-update\arm-none-eabi\include\stdio.h:361:19: error: unknown type name 'FILE'
Error: c:\program files (x86)\gnu tools arm embedded\7 2018-q2-update\arm-none-eabi\include\stdio.h:362:19: error: unknown type name 'FILE'
Error: c:\program files (x86)\gnu tools arm embedded\7 2018-q2-update\arm-none-eabi\include\stdio.h:363:25: error: unknown type name 'FILE'
Error: c:\program files (x86)\gnu tools arm embedded\7 2018-q2-update\arm-none-eabi\include\stdio.h:377:1: error: unknown type name 'FILE'
Error: c:\program files (x86)\gnu tools arm embedded\7 2018-q2-update\arm-none-eabi\include\stdio.h:377:36: error: expected declaration specifiers or '...' before 'size_t'
Error: c:\program files (x86)\gnu tools arm embedded\7 2018-q2-update\arm-none-eabi\include\stdio.h:380:1: error: unknown type name 'FILE'
Error: c:\program files (x86)\gnu tools arm embedded\7 2018-q2-update\arm-none-eabi\include\stdio.h:380:33: error: expected declaration specifiers or '...' before 'size_t'
Error: c:\program files (x86)\gnu tools arm embedded\7 2018-q2-update\arm-none-eabi\include\stdio.h:398:48: error: expected declaration specifiers or '...' before 'size_t'
Error: c:\program files (x86)\gnu tools arm embedded\7 2018-q2-update\arm-none-eabi\include\stdio.h:400:57: error: expected declaration specifiers or '...' before 'size_t'
Error: c:\program files (x86)\gnu tools arm embedded\7 2018-q2-update\arm-none-eabi\include\stdio.h:408:33: error: unknown type name 'FILE'
Error: c:\program files (x86)\gnu tools arm embedded\7 2018-q2-update\arm-none-eabi\include\stdio.h:410:1: error: unknown type name 'FILE'
Error: c:\program files (x86)\gnu tools arm embedded\7 2018-q2-update\arm-none-eabi\include\stdio.h:411:33: error: unknown type name 'FILE'
Error: c:\program files (x86)\gnu tools arm embedded\7 2018-q2-update\arm-none-eabi\include\stdio.h:412:32: error: unknown type name 'FILE'
Error: c:\program files (x86)\gnu tools arm embedded\7 2018-q2-update\arm-none-eabi\include\stdio.h:413:41: error: unknown type name 'FILE'
Error: c:\program files (x86)\gnu tools arm embedded\7 2018-q2-update\arm-none-eabi\include\stdio.h:414:59: error: unknown type name 'FILE'
Error: c:\program files (x86)\gnu tools arm embedded\7 2018-q2-update\arm-none-eabi\include\stdio.h:415:68: error: unknown type name 'FILE'
Error: c:\program files (x86)\gnu tools arm embedded\7 2018-q2-update\arm-none-eabi\include\stdio.h:420:34: error: unknown type name 'FILE'
Error: c:\program files (x86)\gnu tools arm embedded\7 2018-q2-update\arm-none-eabi\include\stdio.h:420:42: error: unknown type name 'fpos_t'; did you mean 'float'?
Error: c:\program files (x86)\gnu tools arm embedded\7 2018-q2-update\arm-none-eabi\include\stdio.h:421:34: error: unknown type name 'FILE'
Error: c:\program files (x86)\gnu tools arm embedded\7 2018-q2-update\arm-none-eabi\include\stdio.h:421:48: error: unknown type name 'fpos_t'
Error: c:\program files (x86)\gnu tools arm embedded\7 2018-q2-update\arm-none-eabi\include\stdio.h:423:35: error: unknown type name 'FILE'
Error: c:\program files (x86)\gnu tools arm embedded\7 2018-q2-update\arm-none-eabi\include\stdio.h:425:34: error: unknown type name 'FILE'
Error: c:\program files (x86)\gnu tools arm embedded\7 2018-q2-update\arm-none-eabi\include\stdio.h:427:1: error: unknown type name 'FILE'
Error: c:\program files (x86)\gnu tools arm embedded\7 2018-q2-update\arm-none-eabi\include\stdio.h:427:56: error: expected declaration specifiers or '...' before 'size_t'
Error: c:\program files (x86)\gnu tools arm embedded\7 2018-q2-update\arm-none-eabi\include\stdio.h:428:1: error: unknown type name 'FILE'
Error: c:\program files (x86)\gnu tools arm embedded\7 2018-q2-update\arm-none-eabi\include\stdio.h:429:1: error: unknown type name 'FILE'
Error: c:\program files (x86)\gnu tools arm embedded\7 2018-q2-update\arm-none-eabi\include\stdio.h:429:85: error: unknown type name 'FILE'
Error: c:\program files (x86)\gnu tools arm embedded\7 2018-q2-update\arm-none-eabi\include\stdio.h:430:34: error: unknown type name 'FILE'
Error: c:\program files (x86)\gnu tools arm embedded\7 2018-q2-update\arm-none-eabi\include\stdio.h:432:33: error: unknown type name 'FILE'
Error: c:\program files (x86)\gnu tools arm embedded\7 2018-q2-update\arm-none-eabi\include\stdio.h:433:37: error: unknown type name 'FILE'
Error: c:\program files (x86)\gnu tools arm embedded\7 2018-q2-update\arm-none-eabi\include\stdio.h:434:46: error: unknown type name 'FILE'
Error: c:\program files (x86)\gnu tools arm embedded\7 2018-q2-update\arm-none-eabi\include\stdio.h:435:56: error: unknown type name 'FILE'
Error: c:\program files (x86)\gnu tools arm embedded\7 2018-q2-update\arm-none-eabi\include\stdio.h:436:65: error: unknown type name 'FILE'
Error: c:\program files (x86)\gnu tools arm embedded\7 2018-q2-update\arm-none-eabi\include\stdio.h:437:1: error: expected declaration specifiers before 'size_t'
Error: c:\program files (x86)\gnu tools arm embedded\7 2018-q2-update\arm-none-eabi\include\stdio.h:438:1: error: expected declaration specifiers before 'size_t'
Error: c:\program files (x86)\gnu tools arm embedded\7 2018-q2-update\arm-none-eabi\include\stdio.h:439:33: error: unknown type name 'FILE'
Error: c:\program files (x86)\gnu tools arm embedded\7 2018-q2-update\arm-none-eabi\include\stdio.h:441:32: error: unknown type name 'FILE'
Error: c:\program files (x86)\gnu tools arm embedded\7 2018-q2-update\arm-none-eabi\include\stdio.h:442:33: error: unknown type name 'FILE'
Error: c:\program files (x86)\gnu tools arm embedded\7 2018-q2-update\arm-none-eabi\include\stdio.h:442:41: error: expected declaration specifiers or '...' before '_off_t'
Error: c:\program files (x86)\gnu tools arm embedded\7 2018-q2-update\arm-none-eabi\include\stdio.h:443:33: error: unknown type name 'FILE'
Error: c:\program files (x86)\gnu tools arm embedded\7 2018-q2-update\arm-none-eabi\include\stdio.h:444:1: error: expected declaration specifiers before '_off_t'
Error: c:\program files (x86)\gnu tools arm embedded\7 2018-q2-update\arm-none-eabi\include\stdio.h:445:34: error: unknown type name 'FILE'
Error: c:\program files (x86)\gnu tools arm embedded\7 2018-q2-update\arm-none-eabi\include\stdio.h:446:1: error: expected declaration specifiers before 'size_t'
Error: c:\program files (x86)\gnu tools arm embedded\7 2018-q2-update\arm-none-eabi\include\stdio.h:447:1: error: expected declaration specifiers before 'size_t'
Error: c:\program files (x86)\gnu tools arm embedded\7 2018-q2-update\arm-none-eabi\include\stdio.h:448:31: error: unknown type name 'FILE'
Error: c:\program files (x86)\gnu tools arm embedded\7 2018-q2-update\arm-none-eabi\include\stdio.h:449:40: error: unknown type name 'FILE'
Error: c:\program files (x86)\gnu tools arm embedded\7 2018-q2-update\arm-none-eabi\include\stdio.h:457:1: error: unknown type name 'FILE'
Error: c:\program files (x86)\gnu tools arm embedded\7 2018-q2-update\arm-none-eabi\include\stdio.h:457:53: error: expected declaration specifiers or '...' before 'size_t'
Error: c:\program files (x86)\gnu tools arm embedded\7 2018-q2-update\arm-none-eabi\include\stdio.h:461:36: error: unknown type name 'FILE'
Error: c:\program files (x86)\gnu tools arm embedded\7 2018-q2-update\arm-none-eabi\include\stdio.h:462:45: error: unknown type name 'FILE'
Error: c:\program files (x86)\gnu tools arm embedded\7 2018-q2-update\arm-none-eabi\include\stdio.h:475:44: error: expected declaration specifiers or '...' before 'size_t'
Error: c:\program files (x86)\gnu tools arm embedded\7 2018-q2-update\arm-none-eabi\include\stdio.h:477:53: error: expected declaration specifiers or '...' before 'size_t'
Error: c:\program files (x86)\gnu tools arm embedded\7 2018-q2-update\arm-none-eabi\include\stdio.h:484:1: error: unknown type name 'FILE'
Error: c:\program files (x86)\gnu tools arm embedded\7 2018-q2-update\arm-none-eabi\include\stdio.h:486:38: error: unknown type name 'FILE'
Error: c:\program files (x86)\gnu tools arm embedded\7 2018-q2-update\arm-none-eabi\include\stdio.h:489:48: error: expected declaration specifiers or '...' before 'size_t'
Error: c:\program files (x86)\gnu tools arm embedded\7 2018-q2-update\arm-none-eabi\include\stdio.h:491:47: error: expected declaration specifiers or '...' before 'size_t'
Error: c:\program files (x86)\gnu tools arm embedded\7 2018-q2-update\arm-none-eabi\include\stdio.h:499:36: error: unknown type name 'FILE'
Error: c:\program files (x86)\gnu tools arm embedded\7 2018-q2-update\arm-none-eabi\include\stdio.h:501:35: error: unknown type name 'FILE'
Error: c:\program files (x86)\gnu tools arm embedded\7 2018-q2-update\arm-none-eabi\include\stdio.h:503:35: error: unknown type name 'FILE'
Error: c:\program files (x86)\gnu tools arm embedded\7 2018-q2-update\arm-none-eabi\include\stdio.h:505:34: error: unknown type name 'FILE'
Error: c:\program files (x86)\gnu tools arm embedded\7 2018-q2-update\arm-none-eabi\include\stdio.h:519:45: error: expected declaration specifiers or '...' before 'size_t'
Error: c:\program files (x86)\gnu tools arm embedded\7 2018-q2-update\arm-none-eabi\include\stdio.h:521:54: error: expected declaration specifiers or '...' before 'size_t'
Error: c:\program files (x86)\gnu tools arm embedded\7 2018-q2-update\arm-none-eabi\include\stdio.h:530:13: error: unknown type name 'FILE'
Error: c:\program files (x86)\gnu tools arm embedded\7 2018-q2-update\arm-none-eabi\include\stdio.h:531:1: error: unknown type name 'ssize_t'; did you mean '__size_t__'?
Error: c:\program files (x86)\gnu tools arm embedded\7 2018-q2-update\arm-none-eabi\include\stdio.h:531:30: error: expected declaration specifiers or '...' before 'size_t'
Error: c:\program files (x86)\gnu tools arm embedded\7 2018-q2-update\arm-none-eabi\include\stdio.h:531:45: error: unknown type name 'FILE'
Error: c:\program files (x86)\gnu tools arm embedded\7 2018-q2-update\arm-none-eabi\include\stdio.h:532:1: error: unknown type name 'ssize_t'; did you mean '__size_t__'?
Error: c:\program files (x86)\gnu tools arm embedded\7 2018-q2-update\arm-none-eabi\include\stdio.h:532:29: error: expected declaration specifiers or '...' before 'size_t'
Error: c:\program files (x86)\gnu tools arm embedded\7 2018-q2-update\arm-none-eabi\include\stdio.h:532:39: error: unknown type name 'FILE'
Error: c:\program files (x86)\gnu tools arm embedded\7 2018-q2-update\arm-none-eabi\include\stdio.h:535:25: error: unknown type name 'FILE'
Error: c:\program files (x86)\gnu tools arm embedded\7 2018-q2-update\arm-none-eabi\include\stdio.h:536:20: error: unknown type name 'FILE'
Error: c:\program files (x86)\gnu tools arm embedded\7 2018-q2-update\arm-none-eabi\include\stdio.h:537:22: error: unknown type name 'FILE'
Error: c:\program files (x86)\gnu tools arm embedded\7 2018-q2-update\arm-none-eabi\include\stdio.h:538:22: error: unknown type name 'FILE'
Error: c:\program files (x86)\gnu tools arm embedded\7 2018-q2-update\arm-none-eabi\include\stdio.h:539:22: error: unknown type name 'FILE'
Error: c:\program files (x86)\gnu tools arm embedded\7 2018-q2-update\arm-none-eabi\include\stdio.h:540:21: error: unknown type name 'FILE'
Error: c:\program files (x86)\gnu tools arm embedded\7 2018-q2-update\arm-none-eabi\include\stdio.h:541:26: error: unknown type name 'FILE'
Error: c:\program files (x86)\gnu tools arm embedded\7 2018-q2-update\arm-none-eabi\include\stdio.h:542:1: error: expected declaration specifiers before 'size_t'
Error: c:\program files (x86)\gnu tools arm embedded\7 2018-q2-update\arm-none-eabi\include\stdio.h:543:1: error: expected declaration specifiers before 'size_t'
Error: c:\program files (x86)\gnu tools arm embedded\7 2018-q2-update\arm-none-eabi\include\stdio.h:577:33: error: unknown type name 'FILE'
Error: c:\program files (x86)\gnu tools arm embedded\7 2018-q2-update\arm-none-eabi\include\stdio.h:578:38: error: unknown type name 'FILE'
Error: c:\program files (x86)\gnu tools arm embedded\7 2018-q2-update\arm-none-eabi\include\stdio.h:601:1: error: unknown type name 'FILE'
Error: c:\program files (x86)\gnu tools arm embedded\7 2018-q2-update\arm-none-eabi\include\stdio.h:606:3: error: unknown type name 'fpos_t'; did you mean 'float'?
Error: c:\program files (x86)\gnu tools arm embedded\7 2018-q2-update\arm-none-eabi\include\stdio.h:608:1: error: unknown type name 'FILE'
Error: c:\program files (x86)\gnu tools arm embedded\7 2018-q2-update\arm-none-eabi\include\stdio.h:613:3: error: unknown type name 'fpos_t'; did you mean 'float'?
Error: c:\program files (x86)\gnu tools arm embedded\7 2018-q2-update\arm-none-eabi\include\stdio.h:687:61: error: unknown type name 'FILE'
Error: c:\program files (x86)\gnu tools arm embedded\7 2018-q2-update\arm-none-eabi\include\stdio.h:743:1: error: expected '=', ',', ';', 'asm' or '__attribute__' before '{' token
Error: c:\program files (x86)\gnu tools arm embedded\7 2018-q2-update\arm-none-eabi\include\stdio.h:752:1: error: expected '=', ',', ';', 'asm' or '__attribute__' before '{' token
Error: c:\program files (x86)\gnu tools arm embedded\7 2018-q2-update\arm-none-eabi\include\stdlib.h:39:3: error: storage class specified for parameter 'div_t'
Error: c:\program files (x86)\gnu tools arm embedded\7 2018-q2-update\arm-none-eabi\include\stdlib.h:45:3: error: storage class specified for parameter 'ldiv_t'
Error: c:\program files (x86)\gnu tools arm embedded\7 2018-q2-update\arm-none-eabi\include\stdlib.h:52:3: error: storage class specified for parameter 'lldiv_t'
Error: c:\program files (x86)\gnu tools arm embedded\7 2018-q2-update\arm-none-eabi\include\stdlib.h:57:15: error: storage class specified for parameter '__compar_fn_t'
Error: c:\program files (x86)\gnu tools arm embedded\7 2018-q2-update\arm-none-eabi\include\stdlib.h:74:33: error: expected declaration specifiers or '...' before 'size_t'
Error: c:\program files (x86)\gnu tools arm embedded\7 2018-q2-update\arm-none-eabi\include\stdlib.h:87:10: error: expected declaration specifiers or '...' before 'size_t'
Error: c:\program files (x86)\gnu tools arm embedded\7 2018-q2-update\arm-none-eabi\include\stdlib.h:88:10: error: expected declaration specifiers or '...' before 'size_t'
Error: c:\program files (x86)\gnu tools arm embedded\7 2018-q2-update\arm-none-eabi\include\stdlib.h:89:10: error: expected declaration specifiers or '...' before '__compar_fn_t'
Error: c:\program files (x86)\gnu tools arm embedded\7 2018-q2-update\arm-none-eabi\include\stdlib.h:90:16: error: expected declaration specifiers or '...' before 'size_t'
Error: c:\program files (x86)\gnu tools arm embedded\7 2018-q2-update\arm-none-eabi\include\stdlib.h:90:32: error: expected declaration specifiers or '...' before 'size_t'
Error: c:\program files (x86)\gnu tools arm embedded\7 2018-q2-update\arm-none-eabi\include\stdlib.h:91:1: error: expected declaration specifiers before 'div_t'
Error: c:\program files (x86)\gnu tools arm embedded\7 2018-q2-update\arm-none-eabi\include\stdlib.h:99:14: error: storage class specified for parameter 'suboptarg'
Error: c:\program files (x86)\gnu tools arm embedded\7 2018-q2-update\arm-none-eabi\include\stdlib.h:103:1: error: expected declaration specifiers before 'ldiv_t'
Error: c:\program files (x86)\gnu tools arm embedded\7 2018-q2-update\arm-none-eabi\include\stdlib.h:104:16: error: expected declaration specifiers or '...' before 'size_t'
Error: c:\program files (x86)\gnu tools arm embedded\7 2018-q2-update\arm-none-eabi\include\stdlib.h:105:26: error: expected declaration specifiers or '...' before 'size_t'
Error: c:\program files (x86)\gnu tools arm embedded\7 2018-q2-update\arm-none-eabi\include\stdlib.h:106:46: error: expected declaration specifiers or '...' before 'size_t'
Error: c:\program files (x86)\gnu tools arm embedded\7 2018-q2-update\arm-none-eabi\include\stdlib.h:106:54: error: expected declaration specifiers or '...' before '_mbstate_t'
Error: c:\program files (x86)\gnu tools arm embedded\7 2018-q2-update\arm-none-eabi\include\stdlib.h:107:13: error: expected declaration specifiers or '...' before 'wchar_t'
Error: c:\program files (x86)\gnu tools arm embedded\7 2018-q2-update\arm-none-eabi\include\stdlib.h:107:58: error: expected declaration specifiers or '...' before 'size_t'
Error: c:\program files (x86)\gnu tools arm embedded\7 2018-q2-update\arm-none-eabi\include\stdlib.h:108:33: error: expected declaration specifiers or '...' before 'wchar_t'
Error: c:\program files (x86)\gnu tools arm embedded\7 2018-q2-update\arm-none-eabi\include\stdlib.h:108:78: error: expected declaration specifiers or '...' before 'size_t'
Error: c:\program files (x86)\gnu tools arm embedded\7 2018-q2-update\arm-none-eabi\include\stdlib.h:108:86: error: expected declaration specifiers or '...' before '_mbstate_t'
Error: c:\program files (x86)\gnu tools arm embedded\7 2018-q2-update\arm-none-eabi\include\stdlib.h:109:21: error: expected declaration specifiers or '...' before 'wchar_t'
Error: c:\program files (x86)\gnu tools arm embedded\7 2018-q2-update\arm-none-eabi\include\stdlib.h:110:41: error: expected declaration specifiers or '...' before 'wchar_t'
Error: c:\program files (x86)\gnu tools arm embedded\7 2018-q2-update\arm-none-eabi\include\stdlib.h:110:50: error: expected declaration specifiers or '...' before '_mbstate_t'
Error: c:\program files (x86)\gnu tools arm embedded\7 2018-q2-update\arm-none-eabi\include\stdlib.h:111:1: error: expected declaration specifiers before 'size_t'
Error: c:\program files (x86)\gnu tools arm embedded\7 2018-q2-update\arm-none-eabi\include\stdlib.h:112:1: error: expected declaration specifiers before 'size_t'
Error: c:\program files (x86)\gnu tools arm embedded\7 2018-q2-update\arm-none-eabi\include\stdlib.h:113:1: error: expected declaration specifiers before 'size_t'
Error: c:\program files (x86)\gnu tools arm embedded\7 2018-q2-update\arm-none-eabi\include\stdlib.h:114:1: error: expected declaration specifiers before 'size_t'
Error: c:\program files (x86)\gnu tools arm embedded\7 2018-q2-update\arm-none-eabi\include\stdlib.h:139:27: error: expected declaration specifiers or '...' before 'size_t'
Error: c:\program files (x86)\gnu tools arm embedded\7 2018-q2-update\arm-none-eabi\include\stdlib.h:139:43: error: expected declaration specifiers or '...' before 'size_t'
Error: c:\program files (x86)\gnu tools arm embedded\7 2018-q2-update\arm-none-eabi\include\stdlib.h:139:58: error: expected declaration specifiers or '...' before '__compar_fn_t'
Error: c:\program files (x86)\gnu tools arm embedded\7 2018-q2-update\arm-none-eabi\include\stdlib.h:141:28: error: expected declaration specifiers or '...' before 'size_t'
Error: c:\program files (x86)\gnu tools arm embedded\7 2018-q2-update\arm-none-eabi\include\stdlib.h:143:28: error: expected declaration specifiers or '...' before 'size_t'
Error: c:\program files (x86)\gnu tools arm embedded\7 2018-q2-update\arm-none-eabi\include\stdlib.h:143:36: error: expected declaration specifiers or '...' before 'size_t'
Error: c:\program files (x86)\gnu tools arm embedded\7 2018-q2-update\arm-none-eabi\include\stdlib.h:145:29: error: expected declaration specifiers or '...' before 'size_t'
Error: c:\program files (x86)\gnu tools arm embedded\7 2018-q2-update\arm-none-eabi\include\stdlib.h:205:46: error: expected declaration specifiers or '...' before 'size_t'
Error: c:\program files (x86)\gnu tools arm embedded\7 2018-q2-update\arm-none-eabi\include\stdlib.h:254:37: error: expected declaration specifiers or '...' before 'size_t'
Error: c:\program files (x86)\gnu tools arm embedded\7 2018-q2-update\arm-none-eabi\include\stdlib.h:265:1: error: expected declaration specifiers before 'lldiv_t'
Error: c:\program files (x86)\gnu tools arm embedded\7 2018-q2-update\arm-none-eabi\include\stdlib.h:285:46: error: expected declaration specifiers or '...' before 'size_t'
Error: c:\program files (x86)\gnu tools arm embedded\7 2018-q2-update\arm-none-eabi\include\stdlib.h:285:54: error: expected declaration specifiers or '...' before 'size_t'
Error: c:\program files (x86)\gnu tools arm embedded\7 2018-q2-update\arm-none-eabi\include\stdlib.h:290:36: error: expected declaration specifiers or '...' before 'size_t'
Error: c:\program files (x86)\gnu tools arm embedded\7 2018-q2-update\arm-none-eabi\include\stdlib.h:291:36: error: expected declaration specifiers or '...' before 'size_t'
Error: c:\program files (x86)\gnu tools arm embedded\7 2018-q2-update\arm-none-eabi\include\stdlib.h:291:44: error: expected declaration specifiers or '...' before 'size_t'
Error: c:\program files (x86)\gnu tools arm embedded\7 2018-q2-update\arm-none-eabi\include\stdlib.h:293:45: error: expected declaration specifiers or '...' before 'size_t'
Error: c:\program files (x86)\gnu tools arm embedded\7 2018-q2-update\arm-none-eabi\include\stdlib.h:308:29: error: expected declaration specifiers or '...' before 'size_t'
Error: c:\program files (x86)\gnu tools arm embedded\7 2018-q2-update\arm-none-eabi\include\stdlib.h:308:45: error: expected declaration specifiers or '...' before 'size_t'
Error: c:\program files (x86)\gnu tools arm embedded\7 2018-q2-update\arm-none-eabi\include\stdlib.h:318:20: error: storage class specified for parameter '_strtold_r'
Error: c:\program files (x86)\gnu tools arm embedded\7 2018-q2-update\arm-none-eabi\include\stdlib.h:320:20: error: storage class specified for parameter 'strtold'
Threads/thread.h(7): error: storage class specified for parameter 'ThreadControlBlock'
Threads/thread.h(11): error: expected '=', ',', ';', 'asm' or '__attribute__' before 'void'
Threads/pingpong-tasks2.c(14): error: parameter 'activeThread' is initialized
Threads/pingpong-tasks2.c(18): error: expected '=', ',', ';', 'asm' or '__attribute__' before '{' token
Threads/pingpong-tasks2.c(41): error: expected declaration specifiers before '}' token
./inc/debug.h(49): error: storage class specified for parameter '__error__'
hello.c(54): error: expected declaration specifiers before 'ThreadControlBlock'
hello.c(83): error: expected '=', ',', ';', 'asm' or '__attribute__' before '{' token
hello.c(94): error: expected '=', ',', ';', 'asm' or '__attribute__' before '{' token
hello.c(120): error: expected '=', ',', ';', 'asm' or '__attribute__' before '{' token
hello.c(127): error: expected '=', ',', ';', 'asm' or '__attribute__' before '{' token
hello.c(145): error: expected '=', ',', ';', 'asm' or '__attribute__' before '{' token
Threads/thread.h(10): error: old-style parameter declarations in prototyped function definition
hello.c(202): error: expected '{' at end of input
hello.c(202): warning: control reaches end of non-void function [-Wreturn-type]
compiling uartstdio.c...
compiling pinout.c...
compiling queue.c...
compiling gpio.c...
compiling cpu.c...
compiling testafila.c...
compiling thread.c...
Threads/thread.c(16): error: unknown type name 'ThreadControlBlock'
Threads/thread.c(17): error: 'ThreadControlBlock' undeclared here (not in a function); did you mean 'ThreadCount'?
Threads/thread.c: In function 'createThread':
Threads/thread.c(30): error: request for member 'ThreadFn' in something not a structure or union
Threads/thread.c(53): error: request for member 'ThreadStack' in something not a structure or union
Threads/thread.c(54): error: request for member 'Attributes' in something not a structure or union
Threads/thread.c(55): error: request for member 'id' in something not a structure or union
compiling pingpong-tasks1.c...
".\Objects\NOVO.elf" - 337 Error(s), 1 Warning(s).

<h2>Software Packages used:</h2>

Package Vendor: Keil
                http://www.keil.com/pack/Keil.TM4C_DFP.1.1.0.pack
                Keil.TM4C_DFP.1.1.0
                Texas Instruments Tiva C Series Device Support and Examples

<h2>Collection of Component include folders:</h2>
  .\RTE\_Target_1
  C:\Keil_v5\ARM\PACK\Keil\TM4C_DFP\1.1.0\Device\Include\TM4C129

<h2>Collection of Component Files used:</h2>
Target not created.
Build Time Elapsed:  00:00:06
</pre>
</body>
</html>
